[2026-03-02T21:07:09.702Z] self-update requested via dashboard
[2026-03-02T21:07:09.702Z] start update
From https://github.com/xerodiningrat/lyvabot
 * branch            main       -> FETCH_HEAD
   8f27c16..360a435  main       -> origin/main
Updating 8f27c16..360a435
Fast-forward
 README.md               |  4 +++
 src/dashboard/server.js | 80 ++++++++++++++++++++++++++++++++++++-------------
 2 files changed, 64 insertions(+), 20 deletions(-)

added 26 packages, and audited 27 packages in 5s

8 packages are looking for funding
  run `npm fund` for details

4 moderate severity vulnerabilities

To address all issues (including breaking changes), run:
  npm audit fix --force

Run `npm audit` for details.

> roblox-review-discord-bot@0.1.0 deploy:guild
> node src/deploy-commands.js

Deploying slash commands to guild 1462926794184458271...
Guild deploy done. Success: 1, Failed: 0
Guild success IDs: 1462926794184458271
Membersihkan global commands untuk mencegah command double...
Global commands dibersihkan.
[32m[PM2] [39mApplying action restartProcessId on app [lyva-bot](ids: [ 0 ])
